{"logTime": "0704/153649", "correlationVector":"tv25iu+hxT04AJ4n7ItGex.1","action":"SyncServerConnectionManagerRequest", "result":"SYNC_SERVER_OK", "context":{"environment":"Prod_southeastasia_prod-s01-064-apac-southeastasia", "migrationStage":"NotStarted", "server":"akswtt00900000t"}}
{"logTime": "0704/153649", "correlationVector":"tv25iu+hxT04AJ4n7ItGex.2","action":"ProcessGetUpdates", "result":"Done", "context":{"dataType":"Encryption Keys", "deleted":"0", "process_failed_to_decrypt":"0", "process_pending_decryption":"0", "process_success":"1", "total":"1"}}
{"logTime": "0704/153649", "correlationVector":"H03gcwXQG3xn1FxcNCWFY+","action":"SyncServerConnectionManagerRequest", "result":"SYNC_SERVER_OK", "context":{"environment":"", "migrationStage":"", "server":""}}
{"logTime": "0704/153649", "correlationVector":"H03gcwXQG3xn1FxcNCWFY+.0","action":"EncryptionKeysFetcher.DownloadKeys:", "result":"Success", "context":Key count: 6, Last key timestamp: 2025-04-10T06:46:54Z}
{"logTime": "0704/153649", "correlationVector":"H03gcwXQG3xn1FxcNCWFY+.1","action":"EncryptionKeysManager::SetEncryptionKeys:", "result":"Success", "context":Key names[6]:[WvUsnJypGysZUDDp+JspgchsFmXXwdBmbPxHCJ/6DJjD53uorfYy1WH3TrithaPgUXnh9kV2NgljiundsfR3Pg==][POVDTV+fwcGN+3HUI05/ipybfXtEasdIBm7MF6lSEvQj3hL/lN+qwBe1zaElKyiWbR9xPGvY6PSZNS87S9wbow==][khkr65iUKVSj7FW9DjnzCcZmPpQDz8PUGo+nDz/Qw+3IITIngTDPRLcrqzH6pkUJKsaYYW65RMBOLD783Yq0Kw==][uMbHHzwy07Dx3UmDZ5xUc5Qatwc7U6ynEIybyT7DiMBc0HZkb2ZzCtRg8M+l/trsn3pDZuatUMTeF5Zyh0814g==][I97hd5E1gsqtclEEIt5BAKtxnKAQ760oJ+jVfxCkZcB4rdjdk2vLYHWbXqc4id0bT7QD24Q74vzD7lGC50kDcQ==][aQcbv97ddewHJufYbkX40hP4Ri78xCXUZ8yBl8uYti9rWWm3ZnqlbgNxvGBQ7kK9lhZPbveAxaCbpM0/cAUX8A==]}
{"logTime": "0704/153649", "correlationVector":"H03gcwXQG3xn1FxcNCWFY+.2","action":"EncryptionKeysManager::SetEncryptionKeysWithTimestamps:", "result":"Success", "context":Key timestamps[6]:[2022-09-12T06:38:15Z][2023-03-12T17:24:04Z][2023-09-21T04:39:37Z][2024-03-19T22:45:03Z][2024-09-27T03:02:21Z][2025-04-10T06:46:54Z]}
{"logTime": "0704/153650", "correlationVector":"tv25iu+hxT04AJ4n7ItGex","action":"Initial GetUpdates", "result":"", "context":Reason: NEW_CLIENT. cV=tv25iu+hxT04AJ4n7ItGex}
{"logTime": "0704/153650", "correlationVector":"tv25iu+hxT04AJ4n7ItGex.3","action":"GetUpdates Response", "result":"Success", "context":Received 1 update(s). cV=tv25iu+hxT04AJ4n7ItGex.0;server=akswtt00900000t;cloudType=Consumer;environment=Prod_southeastasia_prod-s01-064-apac-southeastasia;migrationStage=NotStarted}
{"logTime": "0704/153650", "correlationVector":"HItArn5Vjn4EpdTlPaEcR4","action":"Initial GetUpdates", "result":"", "context":Reason: NEWLY_SUPPORTED_DATATYPE. cV=HItArn5Vjn4EpdTlPaEcR4}
{"logTime": "0704/153650", "correlationVector":"HItArn5Vjn4EpdTlPaEcR4.1","action":"SyncServerConnectionManagerRequest", "result":"SYNC_SERVER_OK", "context":{"environment":"Prod_southeastasia_prod-s01-064-apac-southeastasia", "migrationStage":"NotStarted", "server":"akswtt00900002e"}}
{"logTime": "0704/153650", "correlationVector":"HItArn5Vjn4EpdTlPaEcR4.2","action":"ProcessGetUpdates", "result":"Done", "context":{"dataType":"Preferences", "deleted":"4", "process_failed_to_decrypt":"0", "process_pending_decryption":"0", "process_success":"72", "total":"72"}}
{"logTime": "0704/153650", "correlationVector":"HItArn5Vjn4EpdTlPaEcR4.3","action":"ProcessGetUpdates", "result":"Done", "context":{"dataType":"Passwords", "deleted":"0", "process_failed_to_decrypt":"0", "process_pending_decryption":"0", "process_success":"55", "total":"55"}}
{"logTime": "0704/153650", "correlationVector":"HItArn5Vjn4EpdTlPaEcR4.4","action":"ProcessGetUpdates", "result":"Done", "context":{"dataType":"Device Info", "deleted":"0", "process_failed_to_decrypt":"0", "process_pending_decryption":"0", "process_success":"4", "total":"4"}}
{"logTime": "0704/153650", "correlationVector":"HItArn5Vjn4EpdTlPaEcR4.5","action":"GetUpdates Response", "result":"Success", "context":Received 131 update(s). cV=HItArn5Vjn4EpdTlPaEcR4.0;server=akswtt00900002e;cloudType=Consumer;environment=Prod_southeastasia_prod-s01-064-apac-southeastasia;migrationStage=NotStarted}
{"logTime": "0704/153650", "correlationVector":"LqblyYIgA6Q67UeraoRNS/","action":"Initial GetUpdates", "result":"", "context":Reason: NEWLY_SUPPORTED_DATATYPE. cV=LqblyYIgA6Q67UeraoRNS/}
{"logTime": "0704/153650", "correlationVector":"LqblyYIgA6Q67UeraoRNS/.1","action":"SyncServerConnectionManagerRequest", "result":"SYNC_SERVER_OK", "context":{"environment":"Prod_southeastasia_prod-s01-064-apac-southeastasia", "migrationStage":"NotStarted", "server":"akswtt00900000j"}}
{"logTime": "0704/153650", "correlationVector":"LqblyYIgA6Q67UeraoRNS/.2","action":"ProcessGetUpdates", "result":"Done", "context":{"dataType":"Bookmarks", "deleted":"0", "process_failed_to_decrypt":"0", "process_pending_decryption":"0", "process_success":"15", "total":"15"}}
{"logTime": "0704/153650", "correlationVector":"LqblyYIgA6Q67UeraoRNS/.3","action":"GetUpdates Response", "result":"Success", "context":Received 15 update(s). cV=LqblyYIgA6Q67UeraoRNS/.0;server=akswtt00900000j;cloudType=Consumer;environment=Prod_southeastasia_prod-s01-064-apac-southeastasia;migrationStage=NotStarted}
{"logTime": "0704/153650", "correlationVector":"kpdXqXKTMa6k25bGhJL1qG","action":"Initial GetUpdates", "result":"", "context":Reason: NEWLY_SUPPORTED_DATATYPE. cV=kpdXqXKTMa6k25bGhJL1qG}
{"logTime": "0704/153651", "correlationVector":"kpdXqXKTMa6k25bGhJL1qG.1","action":"SyncServerConnectionManagerRequest", "result":"SYNC_SERVER_OK", "context":{"environment":"Prod_southeastasia_prod-s01-064-apac-southeastasia", "migrationStage":"NotStarted", "server":"akswtt00900001d"}}
{"logTime": "0704/153651", "correlationVector":"kpdXqXKTMa6k25bGhJL1qG.2","action":"ProcessGetUpdates", "result":"Done", "context":{"dataType":"Autofill Profiles", "deleted":"0", "process_failed_to_decrypt":"0", "process_pending_decryption":"0", "process_success":"5", "total":"5"}}
{"logTime": "0704/153651", "correlationVector":"kpdXqXKTMa6k25bGhJL1qG.3","action":"ProcessGetUpdates", "result":"Done", "context":{"dataType":"Autofill", "deleted":"0", "process_failed_to_decrypt":"0", "process_pending_decryption":"0", "process_success":"11", "total":"11"}}
{"logTime": "0704/153651", "correlationVector":"kpdXqXKTMa6k25bGhJL1qG.4","action":"ProcessGetUpdates", "result":"Done", "context":{"dataType":"Extensions", "deleted":"0", "process_failed_to_decrypt":"0", "process_pending_decryption":"0", "process_success":"1", "total":"1"}}
{"logTime": "0704/153651", "correlationVector":"kpdXqXKTMa6k25bGhJL1qG.5","action":"ProcessGetUpdates", "result":"Done", "context":{"dataType":"Sessions", "deleted":"66", "process_failed_to_decrypt":"0", "process_pending_decryption":"0", "process_success":"76", "total":"76"}}
{"logTime": "0704/153651", "correlationVector":"kpdXqXKTMa6k25bGhJL1qG.6","action":"ProcessGetUpdates", "result":"Done", "context":{"dataType":"Edge Hub App Usage", "deleted":"2", "process_failed_to_decrypt":"0", "process_pending_decryption":"0", "process_success":"8", "total":"8"}}
{"logTime": "0704/153651", "correlationVector":"kpdXqXKTMa6k25bGhJL1qG.7","action":"GetUpdates Response", "result":"Success", "context":Received 101 update(s). cV=kpdXqXKTMa6k25bGhJL1qG.0;server=akswtt00900001d;cloudType=Consumer;environment=Prod_southeastasia_prod-s01-064-apac-southeastasia;migrationStage=NotStarted}
{"logTime": "0704/153651", "correlationVector":"VSFIRjZfBgAsdJFg3Ke3s7","action":"Initial GetUpdates", "result":"", "context":Reason: NEWLY_SUPPORTED_DATATYPE. cV=VSFIRjZfBgAsdJFg3Ke3s7}
{"logTime": "0704/153651", "correlationVector":"VSFIRjZfBgAsdJFg3Ke3s7.1","action":"SyncServerConnectionManagerRequest", "result":"SYNC_SERVER_OK", "context":{"environment":"Prod_southeastasia_prod-s01-064-apac-southeastasia", "migrationStage":"NotStarted", "server":"akswtt009000006"}}
{"logTime": "0704/153651", "correlationVector":"VSFIRjZfBgAsdJFg3Ke3s7.2","action":"ProcessGetUpdates", "result":"Done", "context":{"dataType":"History", "deleted":"0", "process_failed_to_decrypt":"0", "process_pending_decryption":"0", "process_success":"16", "total":"16"}}
{"logTime": "0704/153651", "correlationVector":"VSFIRjZfBgAsdJFg3Ke3s7.3","action":"GetUpdates Response", "result":"Success", "context":Received 16 update(s). cV=VSFIRjZfBgAsdJFg3Ke3s7.0;server=akswtt009000006;cloudType=Consumer;environment=Prod_southeastasia_prod-s01-064-apac-southeastasia;migrationStage=NotStarted}
{"logTime": "0704/153651", "correlationVector":"mjuGHnD6b4E1PqbJMe7Plz","action":"Normal GetUpdate request", "result":"", "context":cV=mjuGHnD6b4E1PqbJMe7Plz
Nudged types: Bookmarks, Sessions, Device Info, User Consents
Refresh requested types: Bookmarks, Preferences, Passwords, Autofill Profiles, Autofill, Extensions, Sessions, Extension settings, History Delete Directives, Device Info, User Consents, Send Tab To Self, Web Apps, History, Saved Tab Group, WebAuthn Credentials, Collection, Edge E Drop, Edge Hub App Usage, Edge Wallet, Encryption Keys}
{"logTime": "0704/153651", "correlationVector":"mjuGHnD6b4E1PqbJMe7Plz.1","action":"SyncServerConnectionManagerRequest", "result":"SYNC_SERVER_OK", "context":{"environment":"Prod_southeastasia_prod-s01-064-apac-southeastasia", "migrationStage":"NotStarted", "server":"akswtt00900001z"}}
{"logTime": "0704/153651", "correlationVector":"mjuGHnD6b4E1PqbJMe7Plz.2","action":"GetUpdates Response", "result":"Success", "context":Received 0 update(s). cV=mjuGHnD6b4E1PqbJMe7Plz.0;server=akswtt00900001z;cloudType=Consumer;environment=Prod_southeastasia_prod-s01-064-apac-southeastasia;migrationStage=NotStarted}
{"logTime": "0704/153651", "correlationVector":"Z2DHGFFivRdTs5ETx8tgpK","action":"Commit Request", "result":"", "context":Item count: 10
Contributing types: Bookmarks, Sessions, Device Info, User Consents}
{"logTime": "0704/153653", "correlationVector":"Z2DHGFFivRdTs5ETx8tgpK.1","action":"SyncServerConnectionManagerRequest", "result":"SYNC_SERVER_OK", "context":{"environment":"Prod_southeastasia_prod-s01-064-apac-southeastasia", "migrationStage":"NotStarted", "server":"akswtt009000006"}}
{"logTime": "0704/153653", "correlationVector":"Z2DHGFFivRdTs5ETx8tgpK.2","action":"Commit Response", "result":"Success", "context":Result: Success. cV=Z2DHGFFivRdTs5ETx8tgpK.0;server=akswtt009000006;cloudType=Consumer;environment=Prod_southeastasia_prod-s01-064-apac-southeastasia;migrationStage=NotStarted}
{"logTime": "0704/153653", "correlationVector":"LK7IEq9y9puLjX4MVBKHKT","action":"Commit Request", "result":"", "context":Item count: 3
Contributing types: Preferences, History}
{"logTime": "0704/153654", "correlationVector":"LK7IEq9y9puLjX4MVBKHKT.1","action":"SyncServerConnectionManagerRequest", "result":"SYNC_SERVER_OK", "context":{"environment":"Prod_southeastasia_prod-s01-064-apac-southeastasia", "migrationStage":"NotStarted", "server":"akswtt00900002d"}}
{"logTime": "0704/153654", "correlationVector":"LK7IEq9y9puLjX4MVBKHKT.2","action":"Commit Response", "result":"Success", "context":Result: Success. cV=LK7IEq9y9puLjX4MVBKHKT.0;server=akswtt00900002d;cloudType=Consumer;environment=Prod_southeastasia_prod-s01-064-apac-southeastasia;migrationStage=NotStarted}
{"logTime": "0704/153701", "correlationVector":"T4d2r0bUy1eAUZQd0TMqlv","action":"Commit Request", "result":"", "context":Item count: 3
Contributing types: Sessions, History, Edge Hub App Usage}
{"logTime": "0704/153701", "correlationVector":"T4d2r0bUy1eAUZQd0TMqlv.1","action":"SyncServerConnectionManagerRequest", "result":"SYNC_SERVER_OK", "context":{"environment":"Prod_southeastasia_prod-s01-065-apac-southeastasia", "migrationStage":"NotStarted", "server":"akswtt009000037"}}
{"logTime": "0704/153701", "correlationVector":"T4d2r0bUy1eAUZQd0TMqlv.2","action":"Commit Response", "result":"Success", "context":Result: Success. cV=T4d2r0bUy1eAUZQd0TMqlv.0;server=akswtt009000037;cloudType=Consumer;environment=Prod_southeastasia_prod-s01-065-apac-southeastasia;migrationStage=NotStarted}
{"logTime": "0704/153703", "correlationVector":"jeRoSwpPm66kh7BsJrde5U","action":"Commit Request", "result":"", "context":Item count: 1
Contributing types: Edge Hub App Usage}
{"logTime": "0704/153704", "correlationVector":"jeRoSwpPm66kh7BsJrde5U.1","action":"SyncServerConnectionManagerRequest", "result":"SYNC_SERVER_OK", "context":{"environment":"Prod_southeastasia_prod-s01-065-apac-southeastasia", "migrationStage":"NotStarted", "server":"akswtt009000003"}}
{"logTime": "0704/153704", "correlationVector":"jeRoSwpPm66kh7BsJrde5U.2","action":"Commit Response", "result":"Success", "context":Result: Success. cV=jeRoSwpPm66kh7BsJrde5U.0;server=akswtt009000003;cloudType=Consumer;environment=Prod_southeastasia_prod-s01-065-apac-southeastasia;migrationStage=NotStarted}
{"logTime": "0704/153714", "correlationVector":"w9fCGbL4rkUpN9bnEEbUda","action":"Commit Request", "result":"", "context":Item count: 1
Contributing types: Preferences}
{"logTime": "0704/153714", "correlationVector":"w9fCGbL4rkUpN9bnEEbUda.1","action":"SyncServerConnectionManagerRequest", "result":"SYNC_SERVER_OK", "context":{"environment":"Prod_southeastasia_prod-s01-065-apac-southeastasia", "migrationStage":"NotStarted", "server":"akswtt00900002g"}}
{"logTime": "0704/153714", "correlationVector":"w9fCGbL4rkUpN9bnEEbUda.2","action":"Commit Response", "result":"Success", "context":Result: Success. cV=w9fCGbL4rkUpN9bnEEbUda.0;server=akswtt00900002g;cloudType=Consumer;environment=Prod_southeastasia_prod-s01-065-apac-southeastasia;migrationStage=NotStarted}
{"logTime": "0704/153742", "correlationVector":"BWaFwxGZCxLfZyLPV8PDfG","action":"Commit Request", "result":"", "context":Item count: 40
Contributing types: Passwords}
{"logTime": "0704/153745", "correlationVector":"BWaFwxGZCxLfZyLPV8PDfG.1","action":"SyncServerConnectionManagerRequest", "result":"SYNC_SERVER_OK", "context":{"environment":"Prod_southeastasia_prod-s01-065-apac-southeastasia", "migrationStage":"NotStarted", "server":"akswtt00900000y"}}
{"logTime": "0704/153745", "correlationVector":"BWaFwxGZCxLfZyLPV8PDfG.2","action":"Commit Response", "result":"Success", "context":Result: Success. cV=BWaFwxGZCxLfZyLPV8PDfG.0;server=akswtt00900000y;cloudType=Consumer;environment=Prod_southeastasia_prod-s01-065-apac-southeastasia;migrationStage=NotStarted}
{"logTime": "0704/153745", "correlationVector":"biqATk3Ujt8vIqiGY3ktm0","action":"Commit Request", "result":"", "context":Item count: 7
Contributing types: Passwords}
{"logTime": "0704/153746", "correlationVector":"biqATk3Ujt8vIqiGY3ktm0.1","action":"SyncServerConnectionManagerRequest", "result":"SYNC_SERVER_OK", "context":{"environment":"Prod_southeastasia_prod-s01-065-apac-southeastasia", "migrationStage":"NotStarted", "server":"akswtt00900001a"}}
{"logTime": "0704/153746", "correlationVector":"biqATk3Ujt8vIqiGY3ktm0.2","action":"Commit Response", "result":"Success", "context":Result: Success. cV=biqATk3Ujt8vIqiGY3ktm0.0;server=akswtt00900001a;cloudType=Consumer;environment=Prod_southeastasia_prod-s01-065-apac-southeastasia;migrationStage=NotStarted}
{"logTime": "0704/153801", "correlationVector":"yrZNQFfX7bBs2G8bIsivBF","action":"Commit Request", "result":"", "context":Item count: 1
Contributing types: User Consents}
{"logTime": "0704/153802", "correlationVector":"yrZNQFfX7bBs2G8bIsivBF.1","action":"SyncServerConnectionManagerRequest", "result":"SYNC_SERVER_OK", "context":{"environment":"Prod_southeastasia_prod-s01-065-apac-southeastasia", "migrationStage":"NotStarted", "server":"akswtt00900000q"}}
{"logTime": "0704/153802", "correlationVector":"yrZNQFfX7bBs2G8bIsivBF.2","action":"Commit Response", "result":"Success", "context":Result: Success. cV=yrZNQFfX7bBs2G8bIsivBF.0;server=akswtt00900000q;cloudType=Consumer;environment=Prod_southeastasia_prod-s01-065-apac-southeastasia;migrationStage=NotStarted}
